<?xml version="1.0" encoding="UTF-8"?>
<!-- Generated by org.testng.reporters.JUnitReportReporter -->
<testsuite hostname="GK2206L17" failures="0" tests="2" name="ApiTest" time="1.318" errors="0" timestamp="2023-03-09T08:14:24 ICT" skipped="0">
  <testcase classname="ApiTest" name="getResponseApiAnother" time="0.138"/>
  <system-out/>
  <testcase classname="ApiTest" name="getResponseApi" time="1.180"/>
  <system-out/>
</testsuite> <!-- ApiTest -->
